<?xml version="1.0" encoding="UTF-8"?>

<beans xmlns="http://www.springframework.org/schema/beans"
       xmlns:xsi="http://www.w3.org/2001/XMLSchema-instance"
       xmlns:tx="http://www.springframework.org/schema/tx"
       xsi:schemaLocation="
            http://www.springframework.org/schema/beans http://www.springframework.org/schema/beans/spring-beans-4.1.xsd
            http://www.springframework.org/schema/tx http://www.springframework.org/schema/tx/spring-tx-4.1.xsd">

    <!-- This is needed if you want to use the @Transactional annotation -->
    <tx:annotation-driven transaction-manager="transactionManager"/>

    <!--<bean id="dataSource" class="org.apache.commons.dbcp2.BasicDataSource" destroy-method="close" >-->
        <!--&lt;!&ndash; These properties are replaced by Maven "resources" &ndash;&gt;-->
        <!--<property name="url" value="jdbc:postgresql://localhost:5432/BabyNameExtractor" />-->
        <!--<property name="driverClassName" value="org.postgresql.Driver" />-->
        <!--<property name="username" value="postgres" />-->
        <!--<property name="password" value="postgres" />-->
    <!--</bean>-->
    <bean id="dataSource" class="com.jolbox.bonecp.BoneCPDataSource" destroy-method="close">
        <!-- These properties are replaced by Maven "resources" -->
        <property name="jdbcUrl" value="jdbc:postgresql://localhost:5432/BabyNameExtractor" />
        <property name="driverClass" value="org.postgresql.Driver" />
        <property name="username" value="postgres" />
        <property name="password" value="postgres" />
    </bean>

    <!-- Configure Spring's transaction manager to use a DataSource -->
    <bean id="transactionManager"
          class="org.springframework.jdbc.datasource.DataSourceTransactionManager">
        <property name="dataSource" ref="dataSource" />
    </bean>

    <!-- Configure jOOQ's ConnectionProvider to use Spring's TransactionAwareDataSourceProxy,
         which can dynamically discover the transaction context -->
    <bean id="transactionAwareDataSource"
          class="org.springframework.jdbc.datasource.TransactionAwareDataSourceProxy">
        <constructor-arg ref="dataSource" />
    </bean>

    <bean class="org.jooq.impl.DataSourceConnectionProvider" name="connectionProvider">
        <constructor-arg ref="transactionAwareDataSource" />
    </bean>

    <!-- Configure the DSL object, optionally overriding jOOQ Exceptions with Spring Exceptions -->
    <bean id="dsl" class="org.jooq.impl.DefaultDSLContext">
        <constructor-arg ref="config" />
    </bean>

    <bean id="stopWatchListener" class="org.jooq.tools.StopWatchListener" />

    <!-- Invoking an internal, package-private constructor for the example
         Implement your own Configuration for more reliable behaviour -->
    <bean class="org.jooq.impl.DefaultConfiguration" name="config">
        <property name="SQLDialect"><value type="org.jooq.SQLDialect">H2</value></property>
        <property name="connectionProvider" ref="connectionProvider" />
        <property name="executeListenerProvider">
            <array>
                <bean class="org.jooq.impl.DefaultExecuteListenerProvider">
                    <constructor-arg index="0" ref="stopWatchListener"/>
                </bean>
            </array>
        </property>
    </bean>

    <!-- This is the "business-logic" -->
    <bean id="namePersistenceService" class="persister.service.NamePersistenceServiceImpl"/>
</beans>